10/03/2026 22:13:31 - Rastreamento - INFO - API configurada - verifique créditos no painel https://labs.wonca.com.br/
10/03/2026 22:37:01 - Rastreamento - INFO - API configurada - verifique créditos no painel https://labs.wonca.com.br/
10/03/2026 22:38:06 - Rastreamento - INFO - API configurada - verifique créditos no painel https://labs.wonca.com.br/
10/03/2026 22:38:20 - Rastreamento - INFO - API configurada - verifique créditos no painel https://labs.wonca.com.br/
10/03/2026 22:38:56 - Rastreamento - INFO - API configurada - verifique créditos no painel https://labs.wonca.com.br/
10/03/2026 22:39:01 - Rastreamento - INFO - API configurada - verifique créditos no painel https://labs.wonca.com.br/
10/03/2026 22:39:08 - Rastreamento - INFO - API configurada - verifique créditos no painel https://labs.wonca.com.br/
10/03/2026 22:39:11 - Rastreamento - INFO - API configurada - verifique créditos no painel https://labs.wonca.com.br/
10/03/2026 22:39:18 - Rastreamento - INFO - API configurada - verifique créditos no painel https://labs.wonca.com.br/
10/03/2026 22:40:24 - Rastreamento - INFO - API configurada - verifique créditos no painel https://labs.wonca.com.br/
10/03/2026 22:40:24 - Rastreamento - WARNING - Tentativa 1 falhou para AM947285279BR: 404 Client Error: Not Found for url: https://api-labs.wonca.com.br/api/track/AM947285279BR
10/03/2026 22:40:25 - Rastreamento - WARNING - Tentativa 2 falhou para AM947285279BR: 404 Client Error: Not Found for url: https://api-labs.wonca.com.br/api/track/AM947285279BR
10/03/2026 22:40:25 - Rastreamento - ERROR - Falha em todas as 3 tentativas para AM947285279BR: 404 Client Error: Not Found for url: https://api-labs.wonca.com.br/api/track/AM947285279BR
10/03/2026 22:40:25 - Rastreamento - INFO - API configurada - verifique créditos no painel https://labs.wonca.com.br/
10/03/2026 22:40:46 - Rastreamento - INFO - API configurada - verifique créditos no painel https://labs.wonca.com.br/
10/03/2026 22:40:47 - Rastreamento - INFO - API configurada - verifique créditos no painel https://labs.wonca.com.br/
10/03/2026 22:40:54 - Rastreamento - INFO - API configurada - verifique créditos no painel https://labs.wonca.com.br/
10/03/2026 22:40:56 - Rastreamento - INFO - API configurada - verifique créditos no painel https://labs.wonca.com.br/
10/03/2026 22:41:05 - Rastreamento - INFO - API configurada - verifique créditos no painel https://labs.wonca.com.br/
10/03/2026 22:41:48 - Rastreamento - WARNING - Tentativa 1 falhou para AM947285279BR: 404 Client Error: Not Found for url: https://api-labs.wonca.com.br/track?codigo=AM947285279BR
10/03/2026 22:41:48 - Rastreamento - WARNING - Tentativa 2 falhou para AM947285279BR: 404 Client Error: Not Found for url: https://api-labs.wonca.com.br/track?codigo=AM947285279BR
10/03/2026 22:41:49 - Rastreamento - ERROR - Falha em todas as 3 tentativas para AM947285279BR: 404 Client Error: Not Found for url: https://api-labs.wonca.com.br/track?codigo=AM947285279BR
10/03/2026 22:41:49 - Rastreamento - INFO - Modo teste: Retornando dados simulados para AM947285279BR
10/03/2026 22:41:49 - Rastreamento - INFO - API configurada - verifique créditos no painel https://labs.wonca.com.br/
10/03/2026 22:44:17 - Rastreamento - INFO - API configurada - verifique créditos no painel https://labs.wonca.com.br/
10/03/2026 22:44:18 - Rastreamento - INFO - API configurada - verifique créditos no painel https://labs.wonca.com.br/
10/03/2026 22:44:22 - Rastreamento - INFO - API configurada - verifique créditos no painel https://labs.wonca.com.br/
10/03/2026 22:46:28 - Rastreamento - INFO - API configurada - verifique créditos no painel https://labs.wonca.com.br/
10/03/2026 22:46:33 - Rastreamento - INFO - API configurada - verifique créditos no painel https://labs.wonca.com.br/
10/03/2026 22:47:23 - Rastreamento - INFO - API configurada - verifique créditos no painel https://labs.wonca.com.br/
10/03/2026 22:47:31 - Rastreamento - INFO - API configurada - verifique créditos no painel https://labs.wonca.com.br/
10/03/2026 22:47:38 - Rastreamento - INFO - API configurada - verifique créditos no painel https://labs.wonca.com.br/
10/03/2026 22:47:39 - Rastreamento - INFO - API configurada - verifique créditos no painel https://labs.wonca.com.br/
10/03/2026 22:47:48 - Rastreamento - INFO - API configurada - verifique créditos no painel https://labs.wonca.com.br/
10/03/2026 22:51:27 - Rastreamento - INFO - API configurada - verifique créditos no painel https://labs.wonca.com.br/
